<?xml version="1.0" encoding="UTF-8"?>
<!-- Generated by org.testng.reporters.JUnitReportReporter -->
<testsuite hostname="LAPTOP-V9DUL7Q0" failures="0" tests="4" name="LoginProcess.loginWithJxl" time="13.042" errors="0" timestamp="2023-08-10T20:27:42 IST" skipped="0">
  <testcase classname="LoginProcess.loginWithJxl" name="loginWithCredentials" time="3.224"/>
  <testcase classname="LoginProcess.loginWithJxl" name="loginWithCredentials" time="3.227"/>
  <testcase classname="LoginProcess.loginWithJxl" name="loginWithCredentials" time="3.317"/>
  <testcase classname="LoginProcess.loginWithJxl" name="loginWithCredentials" time="3.274"/>
</testsuite> <!-- LoginProcess.loginWithJxl -->
