<?xml version="1.0" encoding="UTF-8"?>
<!-- Generated by org.testng.reporters.JUnitReportReporter -->
<testsuite hostname="LAPTOP-V9DUL7Q0" failures="0" tests="4" name="LoginProcess.login" time="76.765" errors="0" timestamp="2023-08-10T19:52:48 IST" skipped="0">
  <testcase classname="LoginProcess.login" name="loginWithCredentials" time="22.078"/>
  <testcase classname="LoginProcess.login" name="loginWithCredentials" time="16.779"/>
  <testcase classname="LoginProcess.login" name="loginWithCredentials" time="21.265"/>
  <testcase classname="LoginProcess.login" name="loginWithCredentials" time="16.643"/>
</testsuite> <!-- LoginProcess.login -->
